12.07.2022 11:11:46 Сервер запущен
12.07.2022 11:11:56 Пользователь Артем вошел в чат
12.07.2022 11:11:56 Подключен пользователь Артем
12.07.2022 11:11:56 Пользователь Артем получил сообщение от: Добро пожаловать в чат Артем
12.07.2022 11:12:17 Пользователь Женя вошел в чат
12.07.2022 11:12:17 Подключен пользователь Женя
12.07.2022 11:12:17 Пользователь Женя получил сообщение от: Добро пожаловать в чат Женя
12.07.2022 11:12:20 Пользователь Женя написал: Привет
12.07.2022 11:12:20 Сервер: сообщение от пользователя Женя: Привет
12.07.2022 11:12:20 Пользователь Артем получил сообщение от: Женя: Привет
12.07.2022 11:12:31 Пользователь Артем написал: Привет
12.07.2022 11:12:31 Сервер: сообщение от пользователя Артем: Привет
12.07.2022 11:12:31 Пользователь Женя получил сообщение от: Артем: Привет
12.07.2022 11:12:36 Пользователь Артем написал: Как дела?
12.07.2022 11:12:36 Сервер: сообщение от пользователя Артем: Как дела?
12.07.2022 11:12:36 Пользователь Женя получил сообщение от: Артем: Как дела?
12.07.2022 11:12:55 Пользователь Женя написал: Все хорошо, а у тебя?
12.07.2022 11:12:55 Сервер: сообщение от пользователя Женя: Все хорошо, а у тебя?
12.07.2022 11:12:55 Пользователь Артем получил сообщение от: Женя: Все хорошо, а у тебя?
12.07.2022 11:13:04 Пользователь Артем написал: Тоже хорошо
12.07.2022 11:13:04 Сервер: сообщение от пользователя Артем: Тоже хорошо
12.07.2022 11:13:04 Пользователь Женя получил сообщение от: Артем: Тоже хорошо
12.07.2022 11:13:06 Пользователь Артем написал: Пока
12.07.2022 11:13:06 Сервер: сообщение от пользователя Артем: Пока
12.07.2022 11:13:06 Пользователь Женя получил сообщение от: Артем: Пока
12.07.2022 11:13:12 Пользователь Женя написал: Пока
12.07.2022 11:13:12 Сервер: сообщение от пользователя Женя: Пока
12.07.2022 11:13:12 Пользователь Артем получил сообщение от: Женя: Пока
12.07.2022 11:13:14 Пользователь Женя вышел из чата
12.07.2022 11:13:18 Пользователь Артем вышел из чата
12.07.2022 11:22:52 Сервер запущен
12.07.2022 11:23:07 Пользователь Артем вошел в чат
12.07.2022 11:23:07 Сервер: подключен пользователь Артем
12.07.2022 11:23:07 Пользователь Артем получил сообщение от: Добро пожаловать в чат Артем
12.07.2022 11:23:11 Пользователь Артем написал: Привет
12.07.2022 11:23:11 Сервер: сообщение от пользователя Артем: Привет
12.07.2022 11:23:14 Пользователь Артем написал: Я снова тут
12.07.2022 11:23:14 Сервер: сообщение от пользователя Артем: Я снова тут
12.07.2022 11:23:19 Пользователь Артем написал: Есть кто нибудь?
12.07.2022 11:23:19 Сервер: сообщение от пользователя Артем: Есть кто нибудь?
12.07.2022 11:23:31 Пользователь Саша вошел в чат
12.07.2022 11:23:31 Сервер: подключен пользователь Саша
12.07.2022 11:23:31 Пользователь Саша получил сообщение от: Добро пожаловать в чат Саша
12.07.2022 11:23:33 Пользователь Саша написал: Привет
12.07.2022 11:23:33 Сервер: сообщение от пользователя Саша: Привет
12.07.2022 11:23:33 Пользователь Артем получил сообщение от: Саша: Привет
12.07.2022 11:23:40 Пользователь Саша написал: Я тут
12.07.2022 11:23:40 Сервер: сообщение от пользователя Саша: Я тут
12.07.2022 11:23:40 Пользователь Артем получил сообщение от: Саша: Я тут
12.07.2022 11:23:51 Пользователь Артем написал: Ок, мне пора, пока!
12.07.2022 11:23:51 Сервер: сообщение от пользователя Артем: Ок, мне пора, пока!
12.07.2022 11:23:51 Пользователь Саша получил сообщение от: Артем: Ок, мне пора, пока!
12.07.2022 11:23:55 Пользователь Артем вышел из чата
12.07.2022 11:24:04 Пользователь Саша вышел из чата
13.07.2022 09:15:47 Сервер запущен
